srackham@gmail.com
iisaka51@gmail.com
iisaka51@gmail.com
todurov@gmail.com
srackham@gmail.com
qaxi@seznam.cz
keruseykaryu@o2.pl
thalman@redhat.com
quentin.monnet@netronome.com
jskarvad@redhat.com
staff@americas.example
user@my.server
lcamtuf@coredump.cx
frantzen@w4g.org
lcamtuf@coredump.cx
frantzen@openbsd.org
bugs@openbsd.org
accv@accv.es
ec_acc@catcert.net
info@izenpe.com
accv@accv.es
ec_acc@catcert.net
info@izenpe.com
A.Ballardie@cs.ucl
jtang@tresys.com
admin@example.com
admin@example.com
64@openssh.com
keygen@dsa.service
keygen@rsa.service
users@lists.sourceforge
username@site.domain
